<?xml version="1.0" encoding="UTF-8"?>
<testsuite name="junit.FirstJUnitTest" tests="2" skipped="0" failures="0" errors="0" timestamp="2023-12-24T16:58:54" hostname="MacBook-Pro-Amil.local" time="0.016">
  <properties/>
  <testcase name="firstTest()" classname="junit.FirstJUnitTest" time="0.014"/>
  <testcase name="secondTest()" classname="junit.FirstJUnitTest" time="0.002"/>
  <system-out><![CDATA[тесты начались
before each сработал
тест firstTest сработал
after each сработал
before each сработал
тест secondTest сработал
after each сработал
тесты завершились
]]></system-out>
  <system-err><![CDATA[]]></system-err>
</testsuite>
